<?xml version="1.0" encoding="UTF-8"?>
<coverage generated="1728845010113" clover="3.2.0">
  <project timestamp="1728845010114" name="All files">
    <metrics statements="14" coveredstatements="14" conditionals="14" coveredconditionals="13" methods="4" coveredmethods="4" elements="32" coveredelements="31" complexity="0" loc="14" ncloc="14" packages="1" files="1" classes="1"/>
    <file name="bankAccount.js" path="C:\Users\Wynter\Documents\GitHub\itm350\src\bankAccount.js">
      <metrics statements="14" coveredstatements="14" conditionals="14" coveredconditionals="13" methods="4" coveredmethods="4"/>
      <line num="4" count="8" type="stmt"/>
      <line num="5" count="8" type="stmt"/>
      <line num="6" count="8" type="stmt"/>
      <line num="10" count="8" type="cond" truecount="2" falsecount="0"/>
      <line num="11" count="7" type="stmt"/>
      <line num="13" count="7" type="cond" truecount="2" falsecount="0"/>
      <line num="15" count="7" type="cond" truecount="2" falsecount="0"/>
      <line num="16" count="2" type="stmt"/>
      <line num="21" count="3" type="cond" truecount="1" falsecount="1"/>
      <line num="22" count="3" type="cond" truecount="2" falsecount="0"/>
      <line num="23" count="2" type="stmt"/>
      <line num="25" count="2" type="cond" truecount="2" falsecount="0"/>
      <line num="29" count="2" type="stmt"/>
      <line num="33" count="5" type="stmt"/>
    </file>
  </project>
</coverage>
