{"C:\\Users\\Wynter\\Documents\\GitHub\\itm350\\src\\bankAccount.js": {"path":"C:\\Users\\Wynter\\Documents\\GitHub\\itm350\\src\\bankAccount.js","statementMap":{"0":{"start":{"line":4,"column":6},"end":{"line":4,"column":23}},"1":{"start":{"line":5,"column":6},"end":{"line":5,"column":27}},"2":{"start":{"line":6,"column":6},"end":{"line":6,"column":51}},"3":{"start":{"line":10,"column":6},"end":{"line":10,"column":74}},"4":{"start":{"line":10,"column":23},"end":{"line":10,"column":74}},"5":{"start":{"line":11,"column":6},"end":{"line":11,"column":29}},"6":{"start":{"line":13,"column":6},"end":{"line":13,"column":63}},"7":{"start":{"line":13,"column":23},"end":{"line":13,"column":63}},"8":{"start":{"line":15,"column":6},"end":{"line":17,"column":7}},"9":{"start":{"line":16,"column":8},"end":{"line":16,"column":63}},"10":{"start":{"line":21,"column":6},"end":{"line":21,"column":77}},"11":{"start":{"line":21,"column":23},"end":{"line":21,"column":77}},"12":{"start":{"line":22,"column":6},"end":{"line":22,"column":71}},"13":{"start":{"line":22,"column":33},"end":{"line":22,"column":71}},"14":{"start":{"line":23,"column":6},"end":{"line":23,"column":29}},"15":{"start":{"line":25,"column":6},"end":{"line":25,"column":62}},"16":{"start":{"line":25,"column":23},"end":{"line":25,"column":62}},"17":{"start":{"line":29,"column":6},"end":{"line":29,"column":26}},"18":{"start":{"line":33,"column":2},"end":{"line":33,"column":31}}},"fnMap":{"0":{"name":"(anonymous_0)","decl":{"start":{"line":3,"column":4},"end":{"line":3,"column":5}},"loc":{"start":{"line":3,"column":58},"end":{"line":7,"column":5}},"line":3},"1":{"name":"(anonymous_1)","decl":{"start":{"line":9,"column":4},"end":{"line":9,"column":5}},"loc":{"start":{"line":9,"column":20},"end":{"line":18,"column":5}},"line":9},"2":{"name":"(anonymous_2)","decl":{"start":{"line":20,"column":4},"end":{"line":20,"column":5}},"loc":{"start":{"line":20,"column":21},"end":{"line":26,"column":5}},"line":20},"3":{"name":"(anonymous_3)","decl":{"start":{"line":28,"column":4},"end":{"line":28,"column":5}},"loc":{"start":{"line":28,"column":17},"end":{"line":30,"column":5}},"line":28}},"branchMap":{"0":{"loc":{"start":{"line":3,"column":16},"end":{"line":3,"column":29}},"type":"default-arg","locations":[{"start":{"line":3,"column":25},"end":{"line":3,"column":29}}],"line":3},"1":{"loc":{"start":{"line":3,"column":31},"end":{"line":3,"column":56}},"type":"default-arg","locations":[{"start":{"line":3,"column":52},"end":{"line":3,"column":56}}],"line":3},"2":{"loc":{"start":{"line":10,"column":6},"end":{"line":10,"column":74}},"type":"if","locations":[{"start":{"line":10,"column":6},"end":{"line":10,"column":74}},{"start":{},"end":{}}],"line":10},"3":{"loc":{"start":{"line":13,"column":6},"end":{"line":13,"column":63}},"type":"if","locations":[{"start":{"line":13,"column":6},"end":{"line":13,"column":63}},{"start":{},"end":{}}],"line":13},"4":{"loc":{"start":{"line":15,"column":6},"end":{"line":17,"column":7}},"type":"if","locations":[{"start":{"line":15,"column":6},"end":{"line":17,"column":7}},{"start":{},"end":{}}],"line":15},"5":{"loc":{"start":{"line":21,"column":6},"end":{"line":21,"column":77}},"type":"if","locations":[{"start":{"line":21,"column":6},"end":{"line":21,"column":77}},{"start":{},"end":{}}],"line":21},"6":{"loc":{"start":{"line":22,"column":6},"end":{"line":22,"column":71}},"type":"if","locations":[{"start":{"line":22,"column":6},"end":{"line":22,"column":71}},{"start":{},"end":{}}],"line":22},"7":{"loc":{"start":{"line":25,"column":6},"end":{"line":25,"column":62}},"type":"if","locations":[{"start":{"line":25,"column":6},"end":{"line":25,"column":62}},{"start":{},"end":{}}],"line":25}},"s":{"0":8,"1":8,"2":8,"3":8,"4":1,"5":7,"6":7,"7":2,"8":7,"9":2,"10":3,"11":0,"12":3,"13":1,"14":2,"15":2,"16":1,"17":2,"18":5},"f":{"0":8,"1":8,"2":3,"3":2},"b":{"0":[4],"1":[6],"2":[1,7],"3":[2,5],"4":[2,5],"5":[0,3],"6":[1,2],"7":[1,1]},"_coverageSchema":"1a1c01bbd47fc00a2c39e90264f33305004495a9","hash":"f25eac5a7877f7de91e3dbb22086c8798215cbd3"}
}
