TN:
SF:src\bankAccount.js
FN:3,(anonymous_0)
FN:9,(anonymous_1)
FN:20,(anonymous_2)
FN:28,(anonymous_3)
FNF:4
FNH:4
FNDA:8,(anonymous_0)
FNDA:8,(anonymous_1)
FNDA:3,(anonymous_2)
FNDA:2,(anonymous_3)
DA:4,8
DA:5,8
DA:6,8
DA:10,8
DA:11,7
DA:13,7
DA:15,7
DA:16,2
DA:21,3
DA:22,3
DA:23,2
DA:25,2
DA:29,2
DA:33,5
LF:14
LH:14
BRDA:3,0,0,4
BRDA:3,1,0,6
BRDA:10,2,0,1
BRDA:10,2,1,7
BRDA:13,3,0,2
BRDA:13,3,1,5
BRDA:15,4,0,2
BRDA:15,4,1,5
BRDA:21,5,0,0
BRDA:21,5,1,3
BRDA:22,6,0,1
BRDA:22,6,1,2
BRDA:25,7,0,1
BRDA:25,7,1,1
BRF:14
BRH:13
end_of_record
